[2024-08-15 14:36:55,947] {taskinstance.py:851} INFO - Dependencies all met for <TaskInstance: call_api_every_2_minutes.call_api 2024-08-15T14:31:48.942338+00:00 [queued]>
[2024-08-15 14:36:55,981] {taskinstance.py:851} INFO - Dependencies all met for <TaskInstance: call_api_every_2_minutes.call_api 2024-08-15T14:31:48.942338+00:00 [queued]>
[2024-08-15 14:36:55,982] {taskinstance.py:1042} INFO - 
--------------------------------------------------------------------------------
[2024-08-15 14:36:55,983] {taskinstance.py:1043} INFO - Starting attempt 2 of 2
[2024-08-15 14:36:55,984] {taskinstance.py:1044} INFO - 
--------------------------------------------------------------------------------
[2024-08-15 14:36:56,003] {taskinstance.py:1063} INFO - Executing <Task(PythonOperator): call_api> on 2024-08-15T14:31:48.942338+00:00
[2024-08-15 14:36:56,008] {standard_task_runner.py:52} INFO - Started process 37086 to run task
[2024-08-15 14:36:56,015] {standard_task_runner.py:76} INFO - Running: ['airflow', 'tasks', 'run', 'call_api_every_2_minutes', 'call_api', '2024-08-15T14:31:48.942338+00:00', '--job-id', '12893', '--pool', 'default_pool', '--raw', '--subdir', 'DAGS_FOLDER/charts_of_account_dag.py', '--cfg-path', '/tmp/tmpf4i867uf', '--error-file', '/tmp/tmpk1go608d']
[2024-08-15 14:36:56,019] {standard_task_runner.py:77} INFO - Job 12893: Subtask call_api
[2024-08-15 14:36:56,100] {logging_mixin.py:104} INFO - Running <TaskInstance: call_api_every_2_minutes.call_api 2024-08-15T14:31:48.942338+00:00 [running]> on host 799b1e36e3f1
[2024-08-15 14:36:56,181] {taskinstance.py:1257} INFO - Exporting the following env vars:
AIRFLOW_CTX_DAG_OWNER=airflow
AIRFLOW_CTX_DAG_ID=call_api_every_2_minutes
AIRFLOW_CTX_TASK_ID=call_api
AIRFLOW_CTX_EXECUTION_DATE=2024-08-15T14:31:48.942338+00:00
AIRFLOW_CTX_DAG_RUN_ID=manual__2024-08-15T14:31:48.942338+00:00
[2024-08-15 14:36:56,207] {taskinstance.py:1455} ERROR - HTTPSConnectionPool(host='api.example.com', port=443): Max retries exceeded with url: /endpoint (Caused by NewConnectionError('<urllib3.connection.HTTPSConnection object at 0x7fc6d335a860>: Failed to establish a new connection: [Errno -2] Name or service not known',))
Traceback (most recent call last):
  File "/home/airflow/.local/lib/python3.6/site-packages/urllib3/connection.py", line 160, in _new_conn
    (self._dns_host, self.port), self.timeout, **extra_kw
  File "/home/airflow/.local/lib/python3.6/site-packages/urllib3/util/connection.py", line 61, in create_connection
    for res in socket.getaddrinfo(host, port, family, socket.SOCK_STREAM):
  File "/usr/local/lib/python3.6/socket.py", line 745, in getaddrinfo
    for res in _socket.getaddrinfo(host, port, family, type, proto, flags):
socket.gaierror: [Errno -2] Name or service not known

During handling of the above exception, another exception occurred:

Traceback (most recent call last):
  File "/home/airflow/.local/lib/python3.6/site-packages/urllib3/connectionpool.py", line 677, in urlopen
    chunked=chunked,
  File "/home/airflow/.local/lib/python3.6/site-packages/urllib3/connectionpool.py", line 381, in _make_request
    self._validate_conn(conn)
  File "/home/airflow/.local/lib/python3.6/site-packages/urllib3/connectionpool.py", line 978, in _validate_conn
    conn.connect()
  File "/home/airflow/.local/lib/python3.6/site-packages/urllib3/connection.py", line 309, in connect
    conn = self._new_conn()
  File "/home/airflow/.local/lib/python3.6/site-packages/urllib3/connection.py", line 172, in _new_conn
    self, "Failed to establish a new connection: %s" % e
urllib3.exceptions.NewConnectionError: <urllib3.connection.HTTPSConnection object at 0x7fc6d335a860>: Failed to establish a new connection: [Errno -2] Name or service not known

During handling of the above exception, another exception occurred:

Traceback (most recent call last):
  File "/home/airflow/.local/lib/python3.6/site-packages/requests/adapters.py", line 449, in send
    timeout=timeout
  File "/home/airflow/.local/lib/python3.6/site-packages/urllib3/connectionpool.py", line 727, in urlopen
    method, url, error=e, _pool=self, _stacktrace=sys.exc_info()[2]
  File "/home/airflow/.local/lib/python3.6/site-packages/urllib3/util/retry.py", line 446, in increment
    raise MaxRetryError(_pool, url, error or ResponseError(cause))
urllib3.exceptions.MaxRetryError: HTTPSConnectionPool(host='api.example.com', port=443): Max retries exceeded with url: /endpoint (Caused by NewConnectionError('<urllib3.connection.HTTPSConnection object at 0x7fc6d335a860>: Failed to establish a new connection: [Errno -2] Name or service not known',))

During handling of the above exception, another exception occurred:

Traceback (most recent call last):
  File "/home/airflow/.local/lib/python3.6/site-packages/airflow/models/taskinstance.py", line 1112, in _run_raw_task
    self._prepare_and_execute_task_with_callbacks(context, task)
  File "/home/airflow/.local/lib/python3.6/site-packages/airflow/models/taskinstance.py", line 1285, in _prepare_and_execute_task_with_callbacks
    result = self._execute_task(context, task_copy)
  File "/home/airflow/.local/lib/python3.6/site-packages/airflow/models/taskinstance.py", line 1315, in _execute_task
    result = task_copy.execute(context=context)
  File "/home/airflow/.local/lib/python3.6/site-packages/airflow/operators/python.py", line 117, in execute
    return_value = self.execute_callable()
  File "/home/airflow/.local/lib/python3.6/site-packages/airflow/operators/python.py", line 128, in execute_callable
    return self.python_callable(*self.op_args, **self.op_kwargs)
  File "/opt/airflow/dags/charts_of_account_dag.py", line 20, in call_api
    response = requests.get(url)
  File "/home/airflow/.local/lib/python3.6/site-packages/requests/api.py", line 76, in get
    return request('get', url, params=params, **kwargs)
  File "/home/airflow/.local/lib/python3.6/site-packages/requests/api.py", line 61, in request
    return session.request(method=method, url=url, **kwargs)
  File "/home/airflow/.local/lib/python3.6/site-packages/requests/sessions.py", line 542, in request
    resp = self.send(prep, **send_kwargs)
  File "/home/airflow/.local/lib/python3.6/site-packages/requests/sessions.py", line 655, in send
    r = adapter.send(request, **kwargs)
  File "/home/airflow/.local/lib/python3.6/site-packages/requests/adapters.py", line 516, in send
    raise ConnectionError(e, request=request)
requests.exceptions.ConnectionError: HTTPSConnectionPool(host='api.example.com', port=443): Max retries exceeded with url: /endpoint (Caused by NewConnectionError('<urllib3.connection.HTTPSConnection object at 0x7fc6d335a860>: Failed to establish a new connection: [Errno -2] Name or service not known',))
[2024-08-15 14:36:56,218] {taskinstance.py:1503} INFO - Marking task as FAILED. dag_id=call_api_every_2_minutes, task_id=call_api, execution_date=20240815T143148, start_date=20240815T143655, end_date=20240815T143656
[2024-08-15 14:36:56,317] {local_task_job.py:146} INFO - Task exited with return code 1
